[INFO] SyntaxError:
> -add <entity> <alias>
> <alias> [ ] -h/ -m
> <alias> -tag [ ]
> -f <entityFilepath> <accountsFilepath>
[INFO] SyntaxError:
> -add <entity> <alias>
> <alias> [ ] -h/ -m
> <alias> -tag [ ]
> -f <entityFilepath> <accountsFilepath>
[INFO] SyntaxError:
> -add <entity> <alias>
> <alias> [ ] -h/ -m
> <alias> -tag [ ]
> -f <entityFilepath> <accountsFilepath>
[INFO] SyntaxError:
> -add <entity> <alias>
> <alias> [ ] -h/ -m
> <alias> -tag [ ]
> -f <entityFilepath> <accountsFilepath>
[INFO] SyntaxError:
> -add <entity> <alias>
> <alias> [ ] -h/ -m
> <alias> -tag [ ]
> -f <entityFilepath> <accountsFilepath>
[INFO] SyntaxError:
> -add <entity> <alias>
> <alias> [ ] -h/ -m
> <alias> -tag [ ]
> -f <entityFilepath> <accountsFilepath>
2025-08-04 09:03
Temperature: 18.52 °C || Pressure: 1008.08 hPa || Humidity: 71.73 %

2025-08-04 09:04
Temperature: 18.59 °C || Pressure: 1008.11 hPa || Humidity: 71.27 %

2025-08-04 09:05
Temperature: 18.57 °C || Pressure: 1008.11 hPa || Humidity: 71.77 %

2025-08-04 09:06
Temperature: 18.64 °C || Pressure: 1008.14 hPa || Humidity: 71.18 %

2025-08-04 09:07
Temperature: 18.57 °C || Pressure: 1008.11 hPa || Humidity: 71.29 %

2025-08-04 09:08
Temperature: 18.53 °C || Pressure: 1008.12 hPa || Humidity: 71.41 %

2025-08-04 09:09
Temperature: 18.41 °C || Pressure: 1008.15 hPa || Humidity: 72.49 %

2025-08-04 09:10
Temperature: 18.54 °C || Pressure: 1008.14 hPa || Humidity: 71.80 %

2025-08-04 09:11
Temperature: 18.56 °C || Pressure: 1008.10 hPa || Humidity: 71.38 %

2025-08-04 09:12
Temperature: 18.56 °C || Pressure: 1008.11 hPa || Humidity: 71.33 %

2025-08-04 09:13
Temperature: 18.65 °C || Pressure: 1008.13 hPa || Humidity: 71.10 %

2025-08-04 09:14
Temperature: 18.86 °C || Pressure: 1008.10 hPa || Humidity: 70.35 %

2025-08-04 09:15
Temperature: 19.07 °C || Pressure: 1008.11 hPa || Humidity: 69.56 %

2025-08-04 09:16
Temperature: 19.20 °C || Pressure: 1008.12 hPa || Humidity: 69.07 %

2025-08-04 09:17
Temperature: 19.31 °C || Pressure: 1008.07 hPa || Humidity: 68.46 %

2025-08-04 09:18
Temperature: 19.41 °C || Pressure: 1008.10 hPa || Humidity: 68.19 %

2025-08-04 09:19
Temperature: 19.48 °C || Pressure: 1008.15 hPa || Humidity: 67.86 %

2025-08-04 09:20
Temperature: 19.52 °C || Pressure: 1008.14 hPa || Humidity: 67.75 %

2025-08-04 09:21
Temperature: 19.57 °C || Pressure: 1008.12 hPa || Humidity: 67.71 %

2025-08-04 09:22
Temperature: 19.62 °C || Pressure: 1008.11 hPa || Humidity: 67.48 %

2025-08-04 09:23
Temperature: 19.68 °C || Pressure: 1008.07 hPa || Humidity: 67.14 %

2025-08-04 09:24
Temperature: 19.72 °C || Pressure: 1008.16 hPa || Humidity: 67.12 %

2025-08-04 09:25
Temperature: 19.68 °C || Pressure: 1008.09 hPa || Humidity: 67.31 %

2025-08-04 09:26
Temperature: 19.71 °C || Pressure: 1008.09 hPa || Humidity: 67.23 %

2025-08-04 09:27
Temperature: 19.77 °C || Pressure: 1008.05 hPa || Humidity: 66.97 %

2025-08-04 09:28
Temperature: 19.79 °C || Pressure: 1008.01 hPa || Humidity: 66.94 %

2025-08-04 09:29
Temperature: 19.84 °C || Pressure: 1008.06 hPa || Humidity: 66.84 %

2025-08-04 09:30
Temperature: 19.85 °C || Pressure: 1008.07 hPa || Humidity: 66.85 %

2025-08-04 09:31
Temperature: 19.87 °C || Pressure: 1008.04 hPa || Humidity: 66.70 %

2025-08-04 09:32
Temperature: 19.88 °C || Pressure: 1008.03 hPa || Humidity: 66.59 %

2025-08-04 09:33
Temperature: 19.89 °C || Pressure: 1008.05 hPa || Humidity: 66.87 %

2025-08-04 09:34
Temperature: 19.89 °C || Pressure: 1008.04 hPa || Humidity: 66.68 %

2025-08-04 09:35
Temperature: 19.92 °C || Pressure: 1008.00 hPa || Humidity: 66.77 %

2025-08-04 09:36
Temperature: 19.89 °C || Pressure: 1008.01 hPa || Humidity: 67.07 %

2025-08-04 09:37
Temperature: 19.64 °C || Pressure: 1008.00 hPa || Humidity: 68.41 %

2025-08-04 09:38
Temperature: 19.53 °C || Pressure: 1008.03 hPa || Humidity: 68.43 %

2025-08-04 09:39
Temperature: 19.40 °C || Pressure: 1008.08 hPa || Humidity: 69.14 %

**Regular Programmend
2025-08-04 09:40
Temperature: 19.37 °C || Pressure: 1008.13 hPa || Humidity: 69.30 %

**Regular Programmend
2025-08-04 09:41
Temperature: 19.32 °C || Pressure: 1008.13 hPa || Humidity: 69.54 %

**Regular Programmend
2025-08-04 09:42
Temperature: 19.28 °C || Pressure: 1008.14 hPa || Humidity: 69.35 %

**Regular Programmend
2025-08-04 09:43
Temperature: 19.32 °C || Pressure: 1008.18 hPa || Humidity: 69.29 %

**Regular Programmend
2025-08-04 09:44
Temperature: 19.34 °C || Pressure: 1008.17 hPa || Humidity: 69.39 %

**Regular Programmend
2025-08-04 09:45
Temperature: 19.35 °C || Pressure: 1008.21 hPa || Humidity: 69.25 %

**Regular Programmend
2025-08-04 09:46
Temperature: 19.34 °C || Pressure: 1008.22 hPa || Humidity: 69.73 %

**Regular Programmend
2025-08-04 09:47
Temperature: 19.31 °C || Pressure: 1008.19 hPa || Humidity: 69.95 %

**Regular Programmend
2025-08-04 09:48
Temperature: 19.36 °C || Pressure: 1008.23 hPa || Humidity: 69.64 %

**Regular Programmend
2025-08-04 09:49
Temperature: 19.33 °C || Pressure: 1008.27 hPa || Humidity: 69.87 %

**Regular Programmend
2025-08-04 09:50
Temperature: 19.33 °C || Pressure: 1008.25 hPa || Humidity: 69.98 %

**Regular Programmend
2025-08-04 09:51
Temperature: 19.34 °C || Pressure: 1008.25 hPa || Humidity: 69.99 %

**Regular Programmend
2025-08-04 09:52
Temperature: 19.27 °C || Pressure: 1008.24 hPa || Humidity: 70.34 %

**Regular Programmend
2025-08-04 09:53
Temperature: 19.33 °C || Pressure: 1008.20 hPa || Humidity: 70.06 %

**Regular Programmend
2025-08-04 09:54
Temperature: 19.35 °C || Pressure: 1008.23 hPa || Humidity: 69.89 %

**Regular Programmend
2025-08-04 09:55
Temperature: 19.33 °C || Pressure: 1008.19 hPa || Humidity: 70.22 %

**Regular Programmend
2025-08-04 09:56
Temperature: 19.30 °C || Pressure: 1008.16 hPa || Humidity: 70.18 %

**Regular Programmend
2025-08-04 09:57
Temperature: 19.32 °C || Pressure: 1008.21 hPa || Humidity: 70.36 %

**Regular Programmend
2025-08-04 09:58
Temperature: 19.28 °C || Pressure: 1008.19 hPa || Humidity: 70.37 %

**Regular Programmend
2025-08-04 09:59
Temperature: 19.23 °C || Pressure: 1008.21 hPa || Humidity: 70.54 %

**Regular Programmend
2025-08-04 10:00
Temperature: 19.33 °C || Pressure: 1008.25 hPa || Humidity: 70.55 %

**Regular Programmend
2025-08-04 10:01
Temperature: 19.33 °C || Pressure: 1008.24 hPa || Humidity: 71.28 %

**Regular Programmend
2025-08-04 10:02
Temperature: 19.41 °C || Pressure: 1008.33 hPa || Humidity: 70.26 %

**Regular Programmend
2025-08-04 10:03
Temperature: 19.37 °C || Pressure: 1008.31 hPa || Humidity: 70.23 %

**Regular Programmend
2025-08-04 10:04
Temperature: 19.39 °C || Pressure: 1008.34 hPa || Humidity: 70.26 %

**Regular Programmend
2025-08-04 10:05
Temperature: 19.38 °C || Pressure: 1008.36 hPa || Humidity: 70.17 %

**Regular Programmend
2025-08-04 10:06
Temperature: 19.34 °C || Pressure: 1008.36 hPa || Humidity: 70.24 %

**Regular Programmend
2025-08-04 10:07
Temperature: 19.31 °C || Pressure: 1008.37 hPa || Humidity: 70.19 %

**Regular Programmend
2025-08-04 10:08
Temperature: 19.37 °C || Pressure: 1008.43 hPa || Humidity: 69.97 %

**Regular Programmend
2025-08-04 10:09
Temperature: 19.38 °C || Pressure: 1008.45 hPa || Humidity: 70.09 %

**Regular Programmend
2025-08-04 10:10
Temperature: 19.44 °C || Pressure: 1008.43 hPa || Humidity: 69.77 %

**regular Programm end
2025-08-04 10:11
Temperature: 19.41 °C || Pressure: 1008.43 hPa || Humidity: 69.66 %

**regular Programm end
2025-08-04 10:12
Temperature: 19.40 °C || Pressure: 1008.35 hPa || Humidity: 69.44 %

**regular Programm end
2025-08-04 10:13
Temperature: 19.44 °C || Pressure: 1008.42 hPa || Humidity: 69.57 %

**regular Programm end
2025-08-04 10:14
Temperature: 19.42 °C || Pressure: 1008.44 hPa || Humidity: 69.63 %

**regular Programm end
2025-08-04 10:15
Temperature: 19.36 °C || Pressure: 1008.44 hPa || Humidity: 70.09 %

**regular Programm end
2025-08-04 10:16
Temperature: 19.39 °C || Pressure: 1008.41 hPa || Humidity: 70.06 %

**regular Programm end
2025-08-04 10:17
Temperature: 19.40 °C || Pressure: 1008.38 hPa || Humidity: 69.85 %

**regular Programm end
2025-08-04 10:18
Temperature: 19.38 °C || Pressure: 1008.37 hPa || Humidity: 70.08 %

**regular Programm interrupt
/home/eichi/Dev/Projekte/std/src/code/./control/device_processor.h - Device_Processor
2025-08-04 10:19
Temperature: 19.37 °C || Pressure: 1008.39 hPa || Humidity: 70.35 %

**regular Programm interrupt
/home/eichi/Dev/Projekte/std/src/code/./control/device_processor.h - Device_Processor
2025-08-04 10:20
Temperature: 19.37 °C || Pressure: 1008.37 hPa || Humidity: 70.38 %

**regular Programm interrupt
/home/eichi/Dev/Projekte/std/src/code/./control/device_processor.h - Device_Processor
2025-08-04 10:21
Temperature: 19.38 °C || Pressure: 1008.34 hPa || Humidity: 70.60 %

**regular Programm interrupt
/home/eichi/Dev/Projekte/std/src/code/./control/device_processor.h - Device_Processor
2025-08-04 10:22
Temperature: 19.38 °C || Pressure: 1008.38 hPa || Humidity: 70.59 %

**regular Programm interrupt
/home/eichi/Dev/Projekte/std/src/code/./control/device_processor.h - Device_Processor
2025-08-04 10:23
Temperature: 19.38 °C || Pressure: 1008.35 hPa || Humidity: 70.55 %

**regular Programm interrupt
/home/eichi/Dev/Projekte/std/src/code/./control/device_processor.h - Device_Processor
2025-08-04 10:24
Temperature: 19.43 °C || Pressure: 1008.37 hPa || Humidity: 70.57 %

**regular Programm interrupt
/home/eichi/Dev/Projekte/std/src/code/./control/device_processor.h - Device_Processor
2025-08-04 10:25
Temperature: 19.46 °C || Pressure: 1008.33 hPa || Humidity: 70.17 %

**regular Programm interrupt
/home/eichi/Dev/Projekte/std/src/code/./control/device_processor.h - Device_Processor
2025-08-04 10:26
Temperature: 19.47 °C || Pressure: 1008.35 hPa || Humidity: 69.87 %

**regular Programm interrupt
/home/eichi/Dev/Projekte/std/src/code/./control/device_processor.h - Device_Processor
2025-08-04 10:27
Temperature: 19.42 °C || Pressure: 1008.37 hPa || Humidity: 69.97 %

**regular Programm interrupt
/home/eichi/Dev/Projekte/std/src/code/./control/device_processor.h - Device_Processor
2025-08-04 10:28
Temperature: 19.32 °C || Pressure: 1008.34 hPa || Humidity: 70.50 %

**regular Programm interrupt
/home/eichi/Dev/Projekte/std/src/code/./control/device_processor.h - Device_Processor
2025-08-04 10:29
Temperature: 19.26 °C || Pressure: 1008.38 hPa || Humidity: 71.11 %

**regular Programm interrupt
/home/eichi/Dev/Projekte/std/src/code/./control/device_processor.h - Device_Processor
2025-08-04 10:30
Temperature: 19.23 °C || Pressure: 1008.42 hPa || Humidity: 71.24 %

**regular Programm interrupt
/home/eichi/Dev/Projekte/std/src/code/./control/device_processor.h - Device_Processor
2025-08-04 10:31
Temperature: 19.34 °C || Pressure: 1008.38 hPa || Humidity: 70.67 %

**regular Programm interrupt
/home/eichi/Dev/Projekte/std/src/code/./control/device_processor.h - Device_Processor
2025-08-04 10:32
Temperature: 19.27 °C || Pressure: 1008.44 hPa || Humidity: 70.77 %

**regular Programm interrupt
/home/eichi/Dev/Projekte/std/src/code/./control/device_processor.h - Device_Processor
2025-08-04 10:33
Temperature: 19.27 °C || Pressure: 1008.45 hPa || Humidity: 70.76 %

**regular Programm interrupt
/home/eichi/Dev/Projekte/std/src/code/./control/device_processor.h - Device_Processor
2025-08-04 10:34
Temperature: 19.23 °C || Pressure: 1008.42 hPa || Humidity: 71.34 %

**regular Programm interrupt
/home/eichi/Dev/Projekte/std/src/code/./control/device_processor.h - Device_Processor
2025-08-04 10:35
Temperature: 19.28 °C || Pressure: 1008.42 hPa || Humidity: 71.09 %

**regular Programm interrupt
/home/eichi/Dev/Projekte/std/src/code/./control/device_processor.h - Device_Processor
2025-08-04 10:36
Temperature: 19.27 °C || Pressure: 1008.40 hPa || Humidity: 71.14 %

**regular Programm interrupt
/home/eichi/Dev/Projekte/std/src/code/./control/device_processor.h - Device_Processor
2025-08-04 10:37
Temperature: 19.31 °C || Pressure: 1008.45 hPa || Humidity: 71.36 %

**regular Programm interrupt
/home/eichi/Dev/Projekte/std/src/code/./control/device_processor.h - Device_Processor
2025-08-04 10:38
Temperature: 19.27 °C || Pressure: 1008.42 hPa || Humidity: 71.66 %

**regular Programm interrupt
/home/eichi/Dev/Projekte/std/src/code/./control/device_processor.h - Device_Processor
2025-08-04 10:39
Temperature: 19.27 °C || Pressure: 1008.43 hPa || Humidity: 71.40 %

**regular Programm interrupt
/home/eichi/Dev/Projekte/std/src/code/./control/device_processor.h - Device_Processor
2025-08-04 10:40
Temperature: 19.29 °C || Pressure: 1008.38 hPa || Humidity: 71.78 %

**regular Programm interrupt
/home/eichi/Dev/Projekte/std/src/code/./control/device_processor.h - Device_Processor
2025-08-04 10:41
Temperature: 19.26 °C || Pressure: 1008.44 hPa || Humidity: 71.90 %

**regular Programm interrupt
/home/eichi/Dev/Projekte/std/src/code/./control/device_processor.h - Device_Processor
2025-08-04 10:42
Temperature: 19.24 °C || Pressure: 1008.46 hPa || Humidity: 71.79 %

**regular Programm interrupt
/home/eichi/Dev/Projekte/std/src/code/./control/device_processor.h - Device_Processor
2025-08-04 10:43
Temperature: 19.21 °C || Pressure: 1008.45 hPa || Humidity: 71.84 %

**regular Programm interrupt
/home/eichi/Dev/Projekte/std/src/code/./control/device_processor.h - Device_Processor
2025-08-04 10:44
Temperature: 19.33 °C || Pressure: 1008.48 hPa || Humidity: 71.62 %

**regular Programm interrupt
/home/eichi/Dev/Projekte/std/src/code/./control/device_processor.h - Device_Processor
2025-08-04 10:45
Temperature: 19.32 °C || Pressure: 1008.43 hPa || Humidity: 71.11 %

**regular Programm interrupt
/home/eichi/Dev/Projekte/std/src/code/./control/device_processor.h - Device_Processor
2025-08-04 10:46
Temperature: 19.32 °C || Pressure: 1008.43 hPa || Humidity: 71.90 %

**regular Programm interrupt
/home/eichi/Dev/Projekte/std/src/code/./control/device_processor.h - Device_Processor
2025-08-04 10:47
Temperature: 19.30 °C || Pressure: 1008.38 hPa || Humidity: 72.15 %

**regular Programm interrupt
/home/eichi/Dev/Projekte/std/src/code/./control/device_processor.h - Device_Processor
2025-08-04 10:48
Temperature: 19.31 °C || Pressure: 1008.37 hPa || Humidity: 72.01 %

**regular Programm interrupt
/home/eichi/Dev/Projekte/std/src/code/./control/device_processor.h - Device_Processor
2025-08-04 10:49
Temperature: 19.27 °C || Pressure: 1008.40 hPa || Humidity: 72.61 %

**regular Programm interrupt
/home/eichi/Dev/Projekte/std/src/code/./control/device_processor.h - Device_Processor
2025-08-04 10:50
Temperature: 19.31 °C || Pressure: 1008.37 hPa || Humidity: 72.39 %

**regular Programm interrupt
/home/eichi/Dev/Projekte/std/src/code/./control/device_processor.h - Device_Processor
2025-08-04 10:51
Temperature: 19.40 °C || Pressure: 1008.34 hPa || Humidity: 72.01 %

**regular Programm interrupt
/home/eichi/Dev/Projekte/std/src/code/./control/device_processor.h - Device_Processor
2025-08-04 10:52
Temperature: 19.36 °C || Pressure: 1008.41 hPa || Humidity: 72.20 %

**regular Programm interrupt
/home/eichi/Dev/Projekte/std/src/code/./control/device_processor.h - Device_Processor
/bin/sh: 1: /home/eichi/Dev/Projekte/std/src/code/linux/std: not found
/bin/sh: 1: /home/eichi/Dev/Projekte/std/src/code/linux/std: not found
/bin/sh: 1: /home/eichi/Dev/Projekte/std/src/code/linux/std: not found
2025-08-04 10:56
Temperature: 19.30 °C || Pressure: 1008.45 hPa || Humidity: 71.91 %

**regular Programm interrupt
/home/eichi/Dev/Projekte/std/src/code/./control/device_processor.h - Device_Processor
2025-08-04 10:57
Temperature: 19.30 °C || Pressure: 1008.46 hPa || Humidity: 72.10 %

**regular Programm interrupt
/home/eichi/Dev/Projekte/std/src/code/./control/device_processor.h - Device_Processor
2025-08-04 10:58
Temperature: 19.31 °C || Pressure: 1008.41 hPa || Humidity: 72.23 %

**regular Programm interrupt
/home/eichi/Dev/Projekte/std/src/code/./control/device_processor.h - Device_Processor
2025-08-04 10:59
Temperature: 19.31 °C || Pressure: 1008.42 hPa || Humidity: 72.85 %

**regular Programm interrupt
/home/eichi/Dev/Projekte/std/src/code/./control/device_processor.h - Device_Processor
2025-08-04 11:00
Temperature: 19.38 °C || Pressure: 1008.42 hPa || Humidity: 72.38 %

**regular Programm interrupt
/home/eichi/Dev/Projekte/std/src/code/./control/device_processor.h - Device_Processor
2025-08-04 11:01
Temperature: 19.37 °C || Pressure: 1008.42 hPa || Humidity: 73.08 %

**regular Programm interrupt
/home/eichi/Dev/Projekte/std/src/code/./control/device_processor.h - Device_Processor
2025-08-04 11:02
Temperature: 19.38 °C || Pressure: 1008.40 hPa || Humidity: 72.84 %

**regular Programm interrupt
/home/eichi/Dev/Projekte/std/src/code/./control/device_processor.h - Device_Processor
2025-08-04 11:03
Temperature: 19.39 °C || Pressure: 1008.45 hPa || Humidity: 72.33 %

**regular Programm interrupt
/home/eichi/Dev/Projekte/std/src/code/./control/device_processor.h - Device_Processor
2025-08-04 11:04
Temperature: 19.41 °C || Pressure: 1008.42 hPa || Humidity: 72.53 %

**regular Programm interrupt
/home/eichi/Dev/Projekte/std/src/code/./control/device_processor.h - Device_Processor
2025-08-04 11:05
Temperature: 19.37 °C || Pressure: 1008.40 hPa || Humidity: 72.47 %

**regular Programm interrupt
/home/eichi/Dev/Projekte/std/src/code/./control/device_processor.h - Device_Processor
2025-08-04 11:06
Temperature: 19.39 °C || Pressure: 1008.46 hPa || Humidity: 72.19 %

**regular Programm interrupt
/home/eichi/Dev/Projekte/std/src/code/./control/device_processor.h - Device_Processor
2025-08-04 11:07
Temperature: 19.39 °C || Pressure: 1008.46 hPa || Humidity: 72.20 %

**regular Programm interrupt
/home/eichi/Dev/Projekte/std/src/code/./control/device_processor.h - Device_Processor
2025-08-04 11:08
Temperature: 19.40 °C || Pressure: 1008.45 hPa || Humidity: 72.21 %

**regular Programm interrupt
/home/eichi/Dev/Projekte/std/src/code/./control/device_processor.h - Device_Processor
2025-08-04 11:09
Temperature: 19.42 °C || Pressure: 1008.48 hPa || Humidity: 72.26 %

**regular Programm interrupt
/home/eichi/Dev/Projekte/std/src/code/./control/device_processor.h - Device_Processor
2025-08-04 11:10
Temperature: 19.44 °C || Pressure: 1008.47 hPa || Humidity: 72.21 %

**regular Programm interrupt
/home/eichi/Dev/Projekte/std/src/code/./control/device_processor.h - Device_Processor
2025-08-04 11:11
Temperature: 19.39 °C || Pressure: 1008.45 hPa || Humidity: 72.48 %

**regular Programm interrupt
/home/eichi/Dev/Projekte/std/src/code/./control/device_processor.h - Device_Processor
2025-08-04 11:12
Temperature: 19.39 °C || Pressure: 1008.49 hPa || Humidity: 72.70 %

**regular Programm interrupt
/home/eichi/Dev/Projekte/std/src/code/./control/device_processor.h - Device_Processor
2025-08-04 11:13
Temperature: 19.42 °C || Pressure: 1008.45 hPa || Humidity: 72.45 %

**regular Programm interrupt
/home/eichi/Dev/Projekte/std/src/code/./control/device_processor.h - Device_Processor
2025-08-04 11:14
Temperature: 19.35 °C || Pressure: 1008.47 hPa || Humidity: 73.11 %

**regular Programm interrupt
/home/eichi/Dev/Projekte/std/src/code/./control/device_processor.h - Device_Processor
2025-08-04 11:15
Temperature: 19.34 °C || Pressure: 1008.44 hPa || Humidity: 72.86 %

**regular Programm interrupt
/home/eichi/Dev/Projekte/std/src/code/./control/device_processor.h - Device_Processor
2025-08-04 11:16
Temperature: 19.38 °C || Pressure: 1008.51 hPa || Humidity: 72.72 %

**regular Programm interrupt
/home/eichi/Dev/Projekte/std/src/code/./control/device_processor.h - Device_Processor
2025-08-04 11:17
Temperature: 19.42 °C || Pressure: 1008.47 hPa || Humidity: 72.65 %

**regular Programm interrupt
/home/eichi/Dev/Projekte/std/src/code/./control/device_processor.h - Device_Processor
2025-08-04 11:18
Temperature: 19.43 °C || Pressure: 1008.47 hPa || Humidity: 72.67 %

**regular Programm interrupt
/home/eichi/Dev/Projekte/std/src/code/./control/device_processor.h - Device_Processor
2025-08-04 11:19
Temperature: 19.44 °C || Pressure: 1008.50 hPa || Humidity: 72.43 %

**regular Programm interrupt
/home/eichi/Dev/Projekte/std/src/code/./control/device_processor.h - Device_Processor
2025-08-04 11:20
Temperature: 19.41 °C || Pressure: 1008.49 hPa || Humidity: 72.81 %

**regular Programm interrupt
/home/eichi/Dev/Projekte/std/src/code/./control/device_processor.h - Device_Processor
2025-08-04 11:21
Temperature: 19.45 °C || Pressure: 1008.52 hPa || Humidity: 72.33 %

**regular Programm interrupt
/home/eichi/Dev/Projekte/std/src/code/./control/device_processor.h - Device_Processor
2025-08-04 11:22
Temperature: 19.39 °C || Pressure: 1008.50 hPa || Humidity: 72.56 %

**regular Programm interrupt
/home/eichi/Dev/Projekte/std/src/code/./control/device_processor.h - Device_Processor
2025-08-04 11:23
Temperature: 19.37 °C || Pressure: 1008.52 hPa || Humidity: 72.85 %

**regular Programm interrupt
/home/eichi/Dev/Projekte/std/src/code/./control/device_processor.h - Device_Processor
2025-08-04 11:24
Temperature: 19.40 °C || Pressure: 1008.54 hPa || Humidity: 73.12 %

**regular Programm interrupt
/home/eichi/Dev/Projekte/std/src/code/./control/device_processor.h - Device_Processor
2025-08-04 11:25
Temperature: 19.41 °C || Pressure: 1008.50 hPa || Humidity: 73.36 %

**regular Programm interrupt
/home/eichi/Dev/Projekte/std/src/code/./control/device_processor.h - Device_Processor
2025-08-04 11:26
Temperature: 19.40 °C || Pressure: 1008.49 hPa || Humidity: 73.86 %

**regular Programm interrupt
/home/eichi/Dev/Projekte/std/src/code/./control/device_processor.h - Device_Processor
2025-08-04 11:27
Temperature: 19.46 °C || Pressure: 1008.48 hPa || Humidity: 72.99 %

**regular Programm interrupt
/home/eichi/Dev/Projekte/std/src/code/./control/device_processor.h - Device_Processor
2025-08-04 11:28
Temperature: 19.44 °C || Pressure: 1008.48 hPa || Humidity: 73.16 %

**regular Programm interrupt
/home/eichi/Dev/Projekte/std/src/code/./control/device_processor.h - Device_Processor
2025-08-04 11:29
Temperature: 19.49 °C || Pressure: 1008.46 hPa || Humidity: 73.04 %

**regular Programm interrupt
/home/eichi/Dev/Projekte/std/src/code/./control/device_processor.h - Device_Processor
2025-08-04 11:30
Temperature: 19.49 °C || Pressure: 1008.47 hPa || Humidity: 73.44 %

**regular Programm interrupt
/home/eichi/Dev/Projekte/std/src/code/./control/device_processor.h - Device_Processor
2025-08-04 11:31
Temperature: 19.46 °C || Pressure: 1008.47 hPa || Humidity: 73.03 %

**regular Programm interrupt
/home/eichi/Dev/Projekte/std/src/code/./control/device_processor.h - Device_Processor
2025-08-04 11:32
Temperature: 19.47 °C || Pressure: 1008.46 hPa || Humidity: 72.83 %

**regular Programm interrupt
/home/eichi/Dev/Projekte/std/src/code/./control/device_processor.h - Device_Processor
2025-08-04 11:33
Temperature: 19.42 °C || Pressure: 1008.44 hPa || Humidity: 72.83 %

**regular Programm interrupt
/home/eichi/Dev/Projekte/std/src/code/./control/device_processor.h - Device_Processor
2025-08-04 11:34
Temperature: 19.38 °C || Pressure: 1008.44 hPa || Humidity: 73.20 %

**regular Programm interrupt
/home/eichi/Dev/Projekte/std/src/code/./control/device_processor.h - Device_Processor
2025-08-04 11:35
Temperature: 19.39 °C || Pressure: 1008.44 hPa || Humidity: 73.18 %

**regular Programm interrupt
/home/eichi/Dev/Projekte/std/src/code/./control/device_processor.h - Device_Processor
2025-08-04 11:36
Temperature: 19.41 °C || Pressure: 1008.39 hPa || Humidity: 73.31 %

**regular Programm interrupt
/home/eichi/Dev/Projekte/std/src/code/./control/device_processor.h - Device_Processor
2025-08-04 11:37
Temperature: 19.48 °C || Pressure: 1008.42 hPa || Humidity: 72.93 %

**regular Programm interrupt
/home/eichi/Dev/Projekte/std/src/code/./control/device_processor.h - Device_Processor
2025-08-04 11:38
Temperature: 19.44 °C || Pressure: 1008.39 hPa || Humidity: 73.11 %

**regular Programm interrupt
/home/eichi/Dev/Projekte/std/src/code/./control/device_processor.h - Device_Processor
2025-08-04 11:39
Temperature: 19.44 °C || Pressure: 1008.37 hPa || Humidity: 73.14 %

**regular Programm interrupt
/home/eichi/Dev/Projekte/std/src/code/./control/device_processor.h - Device_Processor
2025-08-04 11:40
Temperature: 19.42 °C || Pressure: 1008.44 hPa || Humidity: 73.22 %

**regular Programm interrupt
/home/eichi/Dev/Projekte/std/src/code/./control/device_processor.h - Device_Processor
2025-08-04 11:41
Temperature: 19.45 °C || Pressure: 1008.42 hPa || Humidity: 73.23 %

**regular Programm interrupt
/home/eichi/Dev/Projekte/std/src/code/./control/device_processor.h - Device_Processor
2025-08-04 11:42
Temperature: 19.44 °C || Pressure: 1008.46 hPa || Humidity: 73.88 %

**regular Programm interrupt
/home/eichi/Dev/Projekte/std/src/code/./control/device_processor.h - Device_Processor
2025-08-04 11:43
Temperature: 19.50 °C || Pressure: 1008.46 hPa || Humidity: 73.88 %

**regular Programm interrupt
/home/eichi/Dev/Projekte/std/src/code/./control/device_processor.h - Device_Processor
2025-08-04 11:44
Temperature: 19.51 °C || Pressure: 1008.46 hPa || Humidity: 74.26 %

**regular Programm interrupt
/home/eichi/Dev/Projekte/std/src/code/./control/device_processor.h - Device_Processor
2025-08-04 11:45
Temperature: 19.49 °C || Pressure: 1008.54 hPa || Humidity: 73.35 %

**regular Programm interrupt
/home/eichi/Dev/Projekte/std/src/code/./control/device_processor.h - Device_Processor
2025-08-04 11:46
Temperature: 19.54 °C || Pressure: 1008.49 hPa || Humidity: 73.10 %

**regular Programm interrupt
/home/eichi/Dev/Projekte/std/src/code/./control/device_processor.h - Device_Processor
**DeviceConnectionError:
Sensor not registered: 
