##Cant open /home/eichi/Dev/Projekte/std/src/code/config.json
**##Couldn't Open Automation Config
##Cant open /home/eichi/Dev/Projekte/std/src/code/config.json
**##Couldn't Open Automation Config
##Cant open /home/eichi/Dev/Projekte/std/src/code/config.json
**##Couldn't Open Automation Config
/home/eichi/Dev/Projekte/std/src/code/linux/std
-auto
CH
-mes
##Cant open /home/eichi/Dev/Projekte/std/src/code/config.json
**##Couldn't Open Automation Config
/home/eichi/Dev/Projekte/std/src/code/linux/std
-auto
CH
-mes
4
##Cant open /home/eichi/Dev/Projekte/std/src/code/config.json
**##Couldn't Open Automation Config
/home/eichi/Dev/Projekte/std/src/code/linux/std
-auto
CH
-mes
4
##Cant open /home/eichi/Dev/Projekte/std/src/code/config.json
**##Couldn't Open Automation Config
##Cant open /home/eichi/Dev/Projekte/std/src/code/config.json
**##Couldn't Open Automation Config
##Cant open /home/eichi/Dev/Projekte/std/src/code/config.json
**##Couldn't Open Automation Config
##Cant open /home/eichi/Dev/Projekte/std/src/code/config.json
**##Couldn't Open Automation Config
##Cant open /home/eichi/Dev/Projekte/std/src/code/config.json
**##Couldn't Open Automation Config
##Cant open /home/eichi/Dev/Projekte/std/src/code/config.json
**##Couldn't Open Automation Config
##Cant open /home/eichi/Dev/Projekte/std/src/code/config.json
**##Couldn't Open Automation Config
##Cant open /home/eichi/Dev/Projekte/std/src/code/config.json
**##Couldn't Open Automation Config
##Cant open /home/eichi/Dev/Projekte/std/src/code/config.json
**##Couldn't Open Automation Config
##Cant open /home/eichi/Dev/Projekte/std/src/code/config.json
**##Couldn't Open Automation Config
##Cant open /home/eichi/Dev/Projekte/std/src/code/config.json
**##Couldn't Open Automation Config
##Cant open /home/eichi/Dev/Projekte/std/src/code/config.json
**##Couldn't Open Automation Config
##Cant open /home/eichi/Dev/Projekte/std/src/code/config.json
**##Couldn't Open Automation Config
