##matching accounts: 1
##Debug: Entity-Datei gespeichert unter /home/eichi/Dev/Projekte/std/src/code/files/test.json
2025-07-28 12:01:01
Temperature: 21.62 °C || Pressure: 1003.35 hPa || Humidity: 53.45 %

##matching accounts: 1
##Debug: Entity-Datei gespeichert unter /home/eichi/Dev/Projekte/std/src/code/files/test.json
2025-07-28 12:02:01
Temperature: 21.65 °C || Pressure: 1003.38 hPa || Humidity: 53.34 %

##matching accounts: 1
##Debug: Entity-Datei gespeichert unter /home/eichi/Dev/Projekte/std/src/code/files/test.json
2025-07-28 12:03:01
Temperature: 21.61 °C || Pressure: 1003.40 hPa || Humidity: 53.16 %

##matching accounts: 1
##Debug: Entity-Datei gespeichert unter /home/eichi/Dev/Projekte/std/src/code/files/test.json
2025-07-28 12:04:01
Temperature: 21.57 °C || Pressure: 1003.44 hPa || Humidity: 53.33 %

##matching accounts: 1
##Debug: Entity-Datei gespeichert unter /home/eichi/Dev/Projekte/std/src/code/files/test.json
2025-07-28 12:05:01
Temperature: 21.60 °C || Pressure: 1003.42 hPa || Humidity: 53.52 %

##matching accounts: 1
##Debug: Entity-Datei gespeichert unter /home/eichi/Dev/Projekte/std/src/code/files/test.json
##matching accounts: 1
##Debug: Entity-Datei gespeichert unter /home/eichi/Dev/Projekte/std/src/code/files/BME.json
2025-07-28 12:15:01
Temperature: 21.51 °C || Pressure: 1003.43 hPa || Humidity: 52.32 %

##matching accounts: 1
##Debug: Entity-Datei gespeichert unter /home/eichi/Dev/Projekte/std/src/code/files/test.json
##matching accounts: 1
##Debug: Entity-Datei gespeichert unter /home/eichi/Dev/Projekte/std/src/code/files/BME.json
2025-07-28 12:30:01
Temperature: 21.29 °C || Pressure: 1003.62 hPa || Humidity: 52.21 %

##matching accounts: 1
##Debug: Entity-Datei gespeichert unter /home/eichi/Dev/Projekte/std/src/code/files/test.json
##matching accounts: 1
##Debug: Entity-Datei gespeichert unter /home/eichi/Dev/Projekte/std/src/code/files/BME.json
2025-07-28 12:45:01
Temperature: 21.21 °C || Pressure: 1003.70 hPa || Humidity: 52.76 %

##matching accounts: 1
##Debug: Entity-Datei gespeichert unter /home/eichi/Dev/Projekte/std/src/code/files/test.json
2025-07-28 13:00:01
Temperature: 23.18 °C || Pressure: 1006.66 hPa || Humidity: 0.00 %

##matching accounts: 1
##Debug: Entity-Datei gespeichert unter /home/eichi/Dev/Projekte/std/src/code/files/test.json
##matching accounts: 1
##Debug: Entity-Datei gespeichert unter /home/eichi/Dev/Projekte/std/src/code/files/BME.json
2025-07-28 13:00:01
Temperature: -40.00 °C || Pressure: 1100.00 hPa || Humidity: 0.00 %

##matching accounts: 1
##Debug: Entity-Datei gespeichert unter /home/eichi/Dev/Projekte/std/src/code/files/test.json
##matching accounts: 1
##Debug: Entity-Datei gespeichert unter /home/eichi/Dev/Projekte/std/src/code/files/BME.json
2025-07-28 13:15:01
Temperature: 21.53 °C || Pressure: 1003.74 hPa || Humidity: 52.97 %

##matching accounts: 1
##Debug: Entity-Datei gespeichert unter /home/eichi/Dev/Projekte/std/src/code/files/test.json
##matching accounts: 1
##Debug: Entity-Datei gespeichert unter /home/eichi/Dev/Projekte/std/src/code/files/BME.json
2025-07-28 13:30:01
Temperature: 21.59 °C || Pressure: 1003.79 hPa || Humidity: 53.48 %

